TN:
SF:lib\api-key-validation.ts
FN:19,validateMistralKey
FN:27,(anonymous_9)
FN:50,validateOpenAIKey
FN:67,validateClaudeKey
FN:92,validateDeepSeekKey
FN:109,validateApiKey
FNF:6
FNH:3
FNDA:9,validateMistralKey
FNDA:8,(anonymous_9)
FNDA:0,validateOpenAIKey
FNDA:0,validateClaudeKey
FNDA:0,validateDeepSeekKey
FNDA:16,validateApiKey
DA:1,1
DA:2,1
DA:5,1
DA:8,1
DA:19,1
DA:21,9
DA:22,1
DA:25,8
DA:27,8
DA:28,8
DA:41,8
DA:42,1
DA:44,7
DA:46,0
DA:50,1
DA:51,0
DA:52,0
DA:58,0
DA:59,0
DA:61,0
DA:63,0
DA:67,1
DA:68,0
DA:69,0
DA:83,0
DA:84,0
DA:86,0
DA:88,0
DA:92,1
DA:93,0
DA:94,0
DA:100,0
DA:101,0
DA:103,0
DA:105,0
DA:109,1
DA:111,16
DA:112,6
DA:116,6
DA:117,6
DA:123,10
DA:124,10
DA:126,10
DA:127,10
DA:129,10
DA:131,9
DA:132,9
DA:134,1
DA:135,1
DA:137,9
DA:139,0
DA:140,0
DA:142,0
DA:143,0
DA:145,0
DA:146,0
DA:148,1
DA:157,9
DA:159,4
DA:160,1
DA:164,1
DA:165,1
DA:171,3
DA:175,3
DA:176,3
DA:182,5
DA:183,5
DA:185,0
DA:186,0
DA:190,0
DA:191,0
LF:71
LH:42
BRDA:21,0,0,1
BRDA:41,1,0,1
BRDA:58,2,0,0
BRDA:83,3,0,0
BRDA:100,4,0,0
BRDA:111,5,0,6
BRDA:129,6,0,9
BRDA:129,6,1,0
BRDA:129,6,2,0
BRDA:129,6,3,0
BRDA:129,6,4,1
BRDA:157,7,0,4
BRDA:159,8,0,1
BRDA:159,9,0,4
BRDA:159,9,1,1
BRDA:185,10,0,0
BRDA:185,10,1,0
BRF:17
BRH:9
end_of_record
TN:
SF:lib\logger.ts
FN:14,(anonymous_0)
FN:18,(anonymous_1)
FN:45,(anonymous_2)
FN:49,(anonymous_3)
FN:53,(anonymous_4)
FNF:5
FNH:5
FNDA:1,(anonymous_0)
FNDA:25,(anonymous_1)
FNDA:15,(anonymous_2)
FNDA:9,(anonymous_3)
FNDA:1,(anonymous_4)
DA:11,1
DA:15,1
DA:19,25
DA:28,25
DA:29,0
DA:35,0
DA:46,15
DA:50,9
DA:54,1
LF:9
LH:7
BRDA:28,0,0,0
BRDA:37,1,0,0
BRDA:37,1,1,0
BRF:3
BRH:0
end_of_record
