TN:
SF:app\api\optimize\route.ts
FN:7,POST
FNF:1
FNH:1
FNDA:3,POST
DA:1,1
DA:2,1
DA:3,1
DA:5,1
DA:7,3
DA:8,3
DA:10,3
DA:11,3
DA:13,3
DA:14,1
DA:20,1
DA:27,2
DA:35,1
DA:36,1
DA:39,1
DA:40,1
DA:42,1
LF:17
LH:17
BRDA:13,0,0,1
BRDA:13,1,0,3
BRDA:13,1,1,3
BRDA:13,1,2,2
BRDA:13,1,3,2
BRDA:39,2,0,1
BRDA:39,2,1,0
BRF:7
BRH:6
end_of_record
TN:
SF:components\StaticTemplatePreviewCarousel.tsx
FN:13,StaticTemplatePreviewCarousel
FN:28,(anonymous_3)
FN:30,(anonymous_4)
FN:33,(anonymous_5)
FN:35,(anonymous_6)
FN:38,(anonymous_7)
FN:43,(anonymous_8)
FNF:7
FNH:7
FNDA:21,StaticTemplatePreviewCarousel
FNDA:1,(anonymous_3)
FNDA:1,(anonymous_4)
FNDA:8,(anonymous_5)
FNDA:8,(anonymous_6)
FNDA:2,(anonymous_7)
FNDA:1,(anonymous_8)
DA:1,1
DA:2,1
DA:3,1
DA:4,1
DA:5,1
DA:6,1
DA:13,10
DA:14,21
DA:15,21
DA:16,21
DA:18,21
DA:26,20
DA:28,20
DA:29,1
DA:30,1
DA:33,20
DA:34,8
DA:35,8
DA:38,20
DA:39,2
DA:40,2
DA:43,20
DA:44,1
DA:45,1
DA:48,20
LF:25
LH:25
BRDA:18,0,0,1
BRDA:30,1,0,1
BRDA:30,1,1,0
BRDA:35,2,0,3
BRDA:35,2,1,5
BRDA:48,3,0,20
BRDA:48,3,1,0
BRDA:55,4,0,20
BRDA:67,5,0,9
BRDA:67,5,1,11
BRDA:73,6,0,20
BRF:11
BRH:9
end_of_record
TN:
SF:components\comparison-view.tsx
FN:16,ComparisonView
FN:22,(anonymous_2)
FN:29,(anonymous_3)
FN:32,(anonymous_4)
FN:62,(anonymous_5)
FN:76,(anonymous_6)
FNF:6
FNH:2
FNDA:2,ComparisonView
FNDA:1,(anonymous_2)
FNDA:0,(anonymous_3)
FNDA:0,(anonymous_4)
FNDA:0,(anonymous_5)
FNDA:0,(anonymous_6)
DA:3,1
DA:4,1
DA:5,1
DA:6,1
DA:7,1
DA:8,1
DA:9,1
DA:16,11
DA:17,2
DA:18,2
DA:19,2
DA:22,2
DA:23,1
DA:24,1
DA:25,1
DA:29,2
DA:33,0
DA:39,0
DA:62,0
DA:76,0
LF:20
LH:16
BRDA:23,0,0,1
BRDA:23,1,0,1
BRDA:23,1,1,1
BRDA:33,2,0,0
BRDA:33,2,1,0
BRDA:35,3,0,0
BRDA:35,3,1,0
BRDA:54,4,0,0
BRDA:54,4,1,2
BRDA:62,5,0,0
BRDA:62,5,1,0
BRDA:65,6,0,2
BRDA:77,7,0,0
BRDA:83,8,0,2
BRF:14
BRH:6
end_of_record
TN:
SF:components\error-boundary.tsx
FN:22,(anonymous_1)
FN:26,(anonymous_2)
FN:30,(anonymous_3)
FN:41,(anonymous_4)
FNF:4
FNH:1
FNDA:0,(anonymous_1)
FNDA:0,(anonymous_2)
FNDA:11,(anonymous_3)
FNDA:0,(anonymous_4)
DA:3,1
DA:4,1
DA:5,1
DA:6,1
DA:17,11
DA:18,5
DA:23,0
DA:27,0
DA:31,11
DA:41,0
DA:51,11
LF:11
LH:8
BRDA:31,0,0,0
BRDA:36,1,0,0
BRDA:36,1,1,0
BRF:3
BRH:0
end_of_record
TN:
SF:components\file-uploader.tsx
FN:14,FileUploader
FN:20,(anonymous_2)
FN:25,(anonymous_3)
FN:29,(anonymous_4)
FN:38,(anonymous_5)
FN:44,(anonymous_6)
FN:111,(anonymous_7)
FN:139,(anonymous_8)
FNF:8
FNH:2
FNDA:10,FileUploader
FNDA:0,(anonymous_2)
FNDA:0,(anonymous_3)
FNDA:0,(anonymous_4)
FNDA:0,(anonymous_5)
FNDA:0,(anonymous_6)
FNDA:0,(anonymous_7)
FNDA:40,(anonymous_8)
DA:1,1
DA:2,1
DA:3,1
DA:4,1
DA:5,1
DA:14,11
DA:15,10
DA:16,10
DA:17,10
DA:18,10
DA:20,10
DA:21,0
DA:22,0
DA:25,10
DA:26,0
DA:29,10
DA:30,0
DA:31,0
DA:33,0
DA:34,0
DA:38,10
DA:39,0
DA:40,0
DA:44,10
DA:46,0
DA:47,0
DA:49,0
DA:50,0
DA:55,0
DA:59,0
DA:60,0
DA:61,0
DA:66,0
DA:69,0
DA:70,0
DA:74,0
DA:75,0
DA:76,0
DA:78,0
DA:83,0
DA:88,0
DA:90,0
DA:96,0
DA:111,0
DA:140,40
LF:45
LH:16
BRDA:33,0,0,0
BRDA:33,1,0,0
BRDA:33,1,1,0
BRDA:39,2,0,0
BRDA:39,3,0,0
BRDA:39,3,1,0
BRDA:49,4,0,0
BRDA:60,5,0,0
BRDA:74,6,0,0
BRDA:106,7,0,0
BRDA:106,7,1,10
BRDA:125,8,0,0
BRDA:132,9,0,0
BRDA:132,9,1,10
BRF:14
BRH:2
end_of_record
TN:
SF:components\latex-preview.tsx
FN:10,LatexPreview
FN:14,(anonymous_2)
FNF:2
FNH:0
FNDA:0,LatexPreview
FNDA:0,(anonymous_2)
DA:1,1
DA:2,1
DA:3,1
DA:10,33
DA:11,0
DA:12,0
DA:14,0
DA:15,0
DA:17,0
DA:25,0
DA:26,0
DA:28,0
DA:32,0
DA:36,0
LF:14
LH:4
BRDA:28,0,0,0
BRDA:28,0,1,0
BRDA:32,1,0,0
BRDA:36,2,0,0
BRF:4
BRH:0
end_of_record
TN:
SF:components\resume-editor.tsx
FN:21,ResumeEditor
FN:35,(anonymous_2)
FN:42,(anonymous_3)
FN:51,(anonymous_4)
FN:54,(anonymous_5)
FN:63,(anonymous_6)
FN:66,(anonymous_7)
FN:96,(anonymous_8)
FN:110,(anonymous_9)
FN:169,(anonymous_10)
FNF:10
FNH:0
FNDA:0,ResumeEditor
FNDA:0,(anonymous_2)
FNDA:0,(anonymous_3)
FNDA:0,(anonymous_4)
FNDA:0,(anonymous_5)
FNDA:0,(anonymous_6)
FNDA:0,(anonymous_7)
FNDA:0,(anonymous_8)
FNDA:0,(anonymous_9)
FNDA:0,(anonymous_10)
DA:3,1
DA:4,1
DA:5,1
DA:6,1
DA:7,1
DA:8,1
DA:9,1
DA:10,1
DA:11,1
DA:12,1
DA:21,0
DA:27,0
DA:28,0
DA:29,0
DA:30,0
DA:31,0
DA:32,0
DA:35,0
DA:36,0
DA:37,0
DA:38,0
DA:42,0
DA:43,0
DA:44,0
DA:46,0
DA:51,0
DA:54,0
DA:55,0
DA:57,0
DA:63,0
DA:67,0
DA:73,0
DA:96,0
DA:110,0
DA:169,0
LF:35
LH:10
BRDA:36,0,0,0
BRDA:36,1,0,0
BRDA:36,1,1,0
BRDA:67,2,0,0
BRDA:67,2,1,0
BRDA:69,3,0,0
BRDA:69,3,1,0
BRDA:88,4,0,0
BRDA:88,4,1,0
BRDA:96,5,0,0
BRDA:96,5,1,0
BRDA:99,6,0,0
BRDA:111,7,0,0
BRDA:122,8,0,0
BRDA:138,9,0,0
BRF:15
BRH:0
end_of_record
TN:
SF:components\resume-optimizer.tsx
FN:73,ResumeOptimizer
FN:86,(anonymous_3)
FN:105,(anonymous_4)
FN:148,(anonymous_5)
FN:171,(anonymous_6)
FN:172,(anonymous_7)
FN:192,(anonymous_8)
FN:210,(anonymous_9)
FN:217,(anonymous_10)
FN:237,(anonymous_11)
FN:238,(anonymous_12)
FN:246,(anonymous_13)
FN:263,(anonymous_14)
FN:274,(anonymous_15)
FN:300,(anonymous_16)
FN:328,(anonymous_17)
FN:392,(anonymous_18)
FN:393,(anonymous_19)
FN:459,(anonymous_20)
FN:484,(anonymous_21)
FN:522,(anonymous_22)
FN:536,(anonymous_23)
FN:550,(anonymous_24)
FN:673,(anonymous_25)
FN:680,(anonymous_26)
FN:718,(anonymous_27)
FN:862,(anonymous_28)
FN:868,(anonymous_29)
FN:904,(anonymous_30)
FN:904,(anonymous_31)
FN:910,(anonymous_32)
FN:919,(anonymous_33)
FN:935,(anonymous_34)
FN:1034,(anonymous_35)
FNF:34
FNH:14
FNDA:11,ResumeOptimizer
FNDA:5,(anonymous_3)
FNDA:5,(anonymous_4)
FNDA:7,(anonymous_5)
FNDA:5,(anonymous_6)
FNDA:5,(anonymous_7)
FNDA:5,(anonymous_8)
FNDA:6,(anonymous_9)
FNDA:5,(anonymous_10)
FNDA:5,(anonymous_11)
FNDA:5,(anonymous_12)
FNDA:1,(anonymous_13)
FNDA:0,(anonymous_14)
FNDA:0,(anonymous_15)
FNDA:0,(anonymous_16)
FNDA:0,(anonymous_17)
FNDA:0,(anonymous_18)
FNDA:0,(anonymous_19)
FNDA:0,(anonymous_20)
FNDA:0,(anonymous_21)
FNDA:0,(anonymous_22)
FNDA:0,(anonymous_23)
FNDA:0,(anonymous_24)
FNDA:0,(anonymous_25)
FNDA:0,(anonymous_26)
FNDA:0,(anonymous_27)
FNDA:33,(anonymous_28)
FNDA:0,(anonymous_29)
FNDA:0,(anonymous_30)
FNDA:0,(anonymous_31)
FNDA:18,(anonymous_32)
FNDA:0,(anonymous_33)
FNDA:0,(anonymous_34)
FNDA:0,(anonymous_35)
DA:3,1
DA:4,1
DA:6,1
DA:18,1
DA:19,1
DA:20,1
DA:21,1
DA:22,1
DA:23,1
DA:39,1
DA:40,1
DA:41,1
DA:42,1
DA:43,1
DA:44,1
DA:45,1
DA:46,1
DA:47,1
DA:48,1
DA:49,1
DA:50,1
DA:51,1
DA:52,1
DA:55,1
DA:58,1
DA:73,5
DA:75,11
DA:76,11
DA:77,11
DA:78,11
DA:79,11
DA:80,11
DA:81,11
DA:82,11
DA:83,11
DA:84,11
DA:85,11
DA:86,11
DA:87,5
DA:88,5
DA:89,5
DA:91,0
DA:92,0
DA:95,11
DA:96,11
DA:97,11
DA:105,11
DA:106,5
DA:107,5
DA:108,5
DA:109,2
DA:112,2
DA:114,2
DA:115,1
DA:116,1
DA:117,1
DA:118,1
DA:119,1
DA:120,1
DA:124,1
DA:127,1
DA:130,1
DA:131,1
DA:132,0
DA:133,0
DA:137,1
DA:141,0
DA:143,0
DA:148,11
DA:150,7
DA:151,2
DA:152,2
DA:163,2
DA:165,0
DA:171,11
DA:172,5
DA:174,5
DA:175,5
DA:176,5
DA:177,1
DA:178,1
DA:179,1
DA:180,0
DA:184,0
DA:188,11
DA:189,11
DA:192,11
DA:193,5
DA:194,5
DA:195,1
DA:196,1
DA:197,1
DA:204,0
DA:210,11
DA:211,6
DA:212,1
DA:217,11
DA:218,5
DA:219,5
DA:220,5
DA:221,5
DA:222,0
DA:225,0
DA:226,0
DA:232,5
DA:237,11
DA:238,5
DA:239,5
DA:240,5
DA:241,5
DA:242,1
DA:243,1
DA:246,1
DA:251,1
DA:252,0
DA:256,0
DA:260,5
DA:263,11
DA:264,0
DA:266,0
DA:267,0
DA:268,0
DA:270,0
DA:273,0
DA:274,0
DA:275,0
DA:276,0
DA:277,0
DA:280,0
DA:281,0
DA:292,0
DA:294,0
DA:300,0
DA:301,0
DA:308,0
DA:310,0
DA:315,0
DA:317,0
DA:318,0
DA:328,11
DA:329,0
DA:330,0
DA:335,0
DA:339,0
DA:340,0
DA:345,0
DA:349,0
DA:350,0
DA:351,0
DA:353,0
DA:354,0
DA:355,0
DA:356,0
DA:357,0
DA:360,0
DA:362,0
DA:363,0
DA:368,0
DA:371,0
DA:372,0
DA:377,0
DA:380,0
DA:385,0
DA:388,0
DA:389,0
DA:392,0
DA:393,0
DA:394,0
DA:395,0
DA:399,0
DA:401,0
DA:414,0
DA:415,0
DA:416,0
DA:419,0
DA:422,0
DA:423,0
DA:426,0
DA:428,0
DA:429,0
DA:433,0
DA:434,0
DA:435,0
DA:436,0
DA:438,0
DA:439,0
DA:441,0
DA:446,0
DA:447,0
DA:454,0
DA:455,0
DA:459,11
DA:460,0
DA:461,0
DA:462,0
DA:463,0
DA:464,0
DA:465,0
DA:466,0
DA:467,0
DA:468,0
DA:470,0
DA:475,0
DA:476,0
DA:484,11
DA:485,0
DA:486,0
DA:497,0
DA:498,0
DA:502,0
DA:503,0
DA:504,0
DA:505,0
DA:506,0
DA:507,0
DA:508,0
DA:509,0
DA:510,0
DA:513,0
DA:514,0
DA:522,11
DA:523,0
DA:525,0
DA:527,0
DA:529,0
DA:532,0
DA:536,11
DA:537,0
DA:538,0
DA:539,0
DA:540,0
DA:541,0
DA:542,0
DA:543,0
DA:544,0
DA:550,11
DA:551,0
DA:553,0
DA:554,0
DA:673,0
DA:680,0
DA:718,0
DA:863,33
DA:868,0
DA:904,0
DA:911,18
DA:919,0
DA:935,0
DA:1034,0
LF:249
LH:111
BRDA:89,0,0,5
BRDA:89,0,1,0
BRDA:108,1,0,2
BRDA:114,2,0,1
BRDA:114,2,1,1
BRDA:117,3,0,1
BRDA:117,3,1,0
BRDA:118,4,0,1
BRDA:118,4,1,0
BRDA:119,5,0,1
BRDA:119,5,1,0
BRDA:120,6,0,1
BRDA:120,6,1,0
BRDA:130,7,0,1
BRDA:130,7,1,0
BRDA:132,8,0,0
BRDA:150,9,0,2
BRDA:150,10,0,7
BRDA:150,10,1,5
BRDA:153,11,0,2
BRDA:153,11,1,0
BRDA:154,12,0,2
BRDA:154,12,1,0
BRDA:157,13,0,2
BRDA:157,13,1,0
BRDA:158,14,0,2
BRDA:158,14,1,0
BRDA:159,15,0,2
BRDA:159,15,1,0
BRDA:160,16,0,2
BRDA:160,16,1,0
BRDA:176,17,0,1
BRDA:179,18,0,0
BRDA:194,19,0,1
BRDA:211,20,0,1
BRDA:221,21,0,0
BRDA:221,22,0,5
BRDA:221,22,1,0
BRDA:241,23,0,1
BRDA:251,24,0,0
BRDA:275,25,0,0
BRDA:329,26,0,0
BRDA:329,27,0,0
BRDA:329,27,1,0
BRDA:339,28,0,0
BRDA:353,29,0,0
BRDA:353,29,1,0
BRDA:360,30,0,0
BRDA:360,30,1,0
BRDA:362,31,0,0
BRDA:395,32,0,0
BRDA:395,32,1,0
BRDA:414,33,0,0
BRDA:416,34,0,0
BRDA:416,34,1,0
BRDA:422,35,0,0
BRDA:422,36,0,0
BRDA:422,36,1,0
BRDA:428,37,0,0
BRDA:428,38,0,0
BRDA:428,38,1,0
BRDA:433,39,0,0
BRDA:433,39,1,0
BRDA:436,40,0,0
BRDA:436,40,1,0
BRDA:450,41,0,0
BRDA:450,41,1,0
BRDA:492,42,0,0
BRDA:492,42,1,0
BRDA:493,43,0,0
BRDA:493,43,1,0
BRDA:497,44,0,0
BRDA:523,45,0,0
BRDA:523,45,1,0
BRDA:523,45,2,0
BRDA:523,45,3,0
BRDA:523,45,4,0
BRDA:553,46,0,0
BRDA:576,47,0,0
BRDA:576,47,1,11
BRDA:584,48,0,0
BRDA:584,48,1,11
BRDA:592,49,0,0
BRDA:592,49,1,11
BRDA:646,50,0,11
BRDA:819,51,0,11
BRDA:866,52,0,11
BRDA:866,52,1,22
BRDA:878,53,0,33
BRDA:897,54,0,5
BRDA:903,55,0,6
BRDA:903,55,1,0
BRDA:904,56,0,0
BRDA:904,56,1,0
BRDA:914,57,0,18
BRDA:940,58,0,11
BRDA:940,58,1,2
BRDA:940,58,2,2
BRDA:944,59,0,0
BRDA:960,60,0,11
BRDA:986,61,0,0
BRDA:1000,62,0,0
BRDA:1000,62,1,11
BRDA:1016,63,0,0
BRDA:1018,64,0,0
BRDA:1018,64,1,0
BRDA:1026,65,0,11
BRDA:1026,65,1,9
BRDA:1026,65,2,9
BRDA:1039,66,0,11
BRDA:1039,66,1,11
BRF:111
BRH:44
end_of_record
TN:
SF:components\ui\alert.tsx
FNF:0
FNH:0
DA:1,1
DA:2,1
DA:4,1
DA:6,1
DA:33,1
DA:45,1
DA:57,1
DA:59,0
LF:8
LH:7
BRF:0
BRH:0
end_of_record
TN:
SF:components\ui\avatar.tsx
FNF:0
FNH:0
DA:3,1
DA:4,1
DA:6,1
DA:21,1
DA:33,1
DA:48,1
DA:50,66
LF:7
LH:7
BRF:0
BRH:0
end_of_record
TN:
SF:components\ui\badge.tsx
FN:30,Badge
FNF:1
FNH:1
FNDA:12,Badge
DA:1,1
DA:2,1
DA:4,1
DA:6,1
DA:36,33
LF:5
LH:5
BRF:0
BRH:0
end_of_record
TN:
SF:components\ui\button.tsx
FN:12,(anonymous_4)
FNF:1
FNH:1
FNDA:73,(anonymous_4)
DA:1,2
DA:2,2
DA:3,2
DA:5,2
DA:13,73
DA:38,2
DA:40,180
LF:7
LH:7
BRDA:12,0,0,13
BRDA:12,1,0,15
BRDA:12,2,0,62
BRDA:13,3,0,11
BRDA:13,3,1,62
BRF:5
BRH:5
end_of_record
TN:
SF:components\ui\card.tsx
FNF:0
FNH:0
DA:1,2
DA:2,2
DA:17,2
DA:29,2
DA:41,2
DA:53,2
DA:61,2
DA:73,2
DA:75,36
LF:9
LH:9
BRF:0
BRH:0
end_of_record
TN:
SF:components\ui\hover-card.tsx
FNF:0
FNH:0
DA:3,1
DA:4,1
DA:6,1
DA:8,1
DA:10,1
DA:27,1
DA:29,11
LF:7
LH:7
BRDA:15,0,0,0
BRDA:15,1,0,0
BRF:2
BRH:0
end_of_record
TN:
SF:components\ui\label.tsx
FNF:0
FNH:0
DA:3,1
DA:4,1
DA:5,1
DA:7,1
DA:9,1
DA:24,1
DA:26,33
LF:7
LH:7
BRF:0
BRH:0
end_of_record
TN:
SF:components\ui\popover.tsx
FNF:0
FNH:0
DA:3,1
DA:4,1
DA:6,1
DA:8,1
DA:10,1
DA:29,1
DA:31,11
LF:7
LH:7
BRDA:15,0,0,0
BRDA:15,1,0,0
BRF:2
BRH:0
end_of_record
TN:
SF:components\ui\progress.tsx
FNF:0
FNH:0
DA:3,1
DA:4,1
DA:6,1
DA:26,1
DA:28,0
LF:5
LH:4
BRDA:22,0,0,0
BRDA:22,0,1,0
BRF:2
BRH:0
end_of_record
TN:
SF:components\ui\scroll-area.tsx
FNF:0
FNH:0
DA:3,1
DA:4,1
DA:6,1
DA:24,1
DA:46,1
DA:48,4
LF:6
LH:6
BRDA:29,0,0,4
BRDA:35,1,0,4
BRDA:35,1,1,4
BRDA:37,2,0,4
BRDA:37,2,1,0
BRF:5
BRH:4
end_of_record
TN:
SF:components\ui\select.tsx
FNF:0
FNH:0
DA:3,1
DA:4,1
DA:5,1
DA:7,1
DA:9,1
DA:11,1
DA:13,1
DA:33,1
DA:50,1
DA:67,1
DA:100,1
DA:112,1
DA:135,1
DA:147,1
DA:150,17
DA:151,0
DA:152,17
DA:153,17
DA:154,17
DA:155,0
DA:156,62
DA:157,0
DA:158,0
DA:159,0
LF:24
LH:19
BRDA:73,0,0,0
BRDA:79,1,0,0
BRDA:79,1,1,0
BRDA:90,2,0,0
BRDA:90,2,1,0
BRF:5
BRH:0
end_of_record
TN:
SF:components\ui\tabs.tsx
FNF:0
FNH:0
DA:3,1
DA:4,1
DA:6,1
DA:8,1
DA:23,1
DA:38,1
DA:53,1
DA:55,33
LF:8
LH:8
BRF:0
BRH:0
end_of_record
TN:
SF:components\ui\textarea.tsx
FN:8,(anonymous_4)
FNF:1
FNH:0
FNDA:0,(anonymous_4)
DA:1,1
DA:3,1
DA:5,1
DA:20,1
DA:22,11
LF:5
LH:5
BRF:0
BRH:0
end_of_record
TN:
SF:components\ui\tooltip.tsx
FNF:0
FNH:0
DA:3,1
DA:4,1
DA:6,1
DA:8,1
DA:10,1
DA:12,1
DA:28,1
DA:30,46
LF:8
LH:8
BRDA:17,0,0,23
BRF:1
BRH:1
end_of_record
TN:
SF:lib\api-key-validation.ts
FN:19,validateMistralKey
FN:27,(anonymous_7)
FN:50,validateOpenAIKey
FN:67,validateClaudeKey
FN:92,validateDeepSeekKey
FN:109,validateApiKey
FNF:6
FNH:6
FNDA:10,validateMistralKey
FNDA:7,(anonymous_7)
FNDA:4,validateOpenAIKey
FNDA:2,validateClaudeKey
FNDA:2,validateDeepSeekKey
FNDA:20,validateApiKey
DA:1,4
DA:2,4
DA:5,4
DA:8,4
DA:19,2
DA:21,10
DA:22,3
DA:25,7
DA:27,7
DA:28,7
DA:41,6
DA:42,3
DA:44,3
DA:46,1
DA:50,2
DA:51,4
DA:52,4
DA:58,4
DA:59,2
DA:61,2
DA:63,0
DA:67,2
DA:68,2
DA:69,2
DA:83,2
DA:84,1
DA:86,1
DA:88,0
DA:92,2
DA:93,2
DA:94,2
DA:100,2
DA:101,1
DA:103,1
DA:105,0
DA:109,20
DA:111,20
DA:112,1
DA:116,1
DA:117,1
DA:123,19
DA:124,19
DA:126,19
DA:127,19
DA:129,19
DA:131,10
DA:132,10
DA:134,3
DA:135,3
DA:137,10
DA:139,4
DA:140,4
DA:142,2
DA:143,2
DA:145,2
DA:146,2
DA:148,1
DA:157,18
DA:159,16
DA:160,3
DA:164,3
DA:165,3
DA:171,13
DA:175,13
DA:176,13
DA:182,2
DA:183,2
DA:185,0
DA:186,0
DA:190,0
DA:191,0
LF:71
LH:64
BRDA:21,0,0,3
BRDA:41,1,0,3
BRDA:58,2,0,2
BRDA:83,3,0,1
BRDA:100,4,0,1
BRDA:111,5,0,1
BRDA:129,6,0,10
BRDA:129,6,1,4
BRDA:129,6,2,2
BRDA:129,6,3,2
BRDA:129,6,4,1
BRDA:157,7,0,16
BRDA:159,8,0,3
BRDA:159,9,0,16
BRDA:159,9,1,3
BRDA:185,10,0,0
BRDA:185,10,1,0
BRF:17
BRH:15
end_of_record
TN:
SF:lib\latex-template-handlers.ts
FN:46,(anonymous_8)
FN:61,loadTemplate
FN:91,listAvailableTemplates
FN:95,(anonymous_11)
FN:101,getTemplateConfig
FN:109,transformTemplateContent
FN:138,(anonymous_14)
FN:153,(anonymous_15)
FN:154,(anonymous_16)
FN:171,getTemplatePreviewStyles
FN:176,validateLatexTemplate
FN:200,(anonymous_19)
FNF:12
FNH:4
FNDA:0,(anonymous_8)
FNDA:0,loadTemplate
FNDA:0,listAvailableTemplates
FNDA:0,(anonymous_11)
FNDA:2,getTemplateConfig
FNDA:2,transformTemplateContent
FNDA:0,(anonymous_14)
FNDA:0,(anonymous_15)
FNDA:0,(anonymous_16)
FNDA:0,getTemplatePreviewStyles
FNDA:3,validateLatexTemplate
FNDA:9,(anonymous_19)
DA:1,1
DA:2,1
DA:3,1
DA:15,1
DA:47,0
DA:61,0
DA:62,0
DA:63,0
DA:64,0
DA:66,0
DA:67,0
DA:74,0
DA:75,0
DA:77,0
DA:78,0
DA:80,0
DA:82,0
DA:84,0
DA:91,0
DA:92,0
DA:93,0
DA:94,0
DA:95,0
DA:97,0
DA:101,0
DA:102,2
DA:103,2
DA:109,2
DA:110,2
DA:111,2
DA:113,2
DA:115,2
DA:116,0
DA:117,0
DA:121,0
DA:122,0
DA:126,0
DA:127,0
DA:134,0
DA:135,0
DA:136,0
DA:139,0
DA:140,0
DA:141,0
DA:143,0
DA:144,0
DA:151,0
DA:152,0
DA:153,0
DA:154,0
DA:156,0
DA:157,0
DA:164,0
DA:166,2
DA:167,2
DA:171,0
DA:172,0
DA:173,0
DA:176,3
DA:181,3
DA:182,3
DA:184,3
DA:186,3
DA:187,1
DA:190,3
DA:191,1
DA:194,3
DA:195,1
DA:199,3
DA:200,3
DA:201,9
DA:202,6
DA:207,3
DA:208,0
DA:209,0
DA:212,3
DA:218,0
LF:77
LH:29
BRDA:84,0,0,0
BRDA:84,0,1,0
BRDA:102,1,0,2
BRDA:102,1,1,0
BRDA:103,2,0,2
BRDA:103,2,1,2
BRDA:116,3,0,0
BRDA:121,4,0,0
BRDA:126,5,0,0
BRDA:126,6,0,0
BRDA:126,6,1,0
BRDA:135,7,0,0
BRDA:135,8,0,0
BRDA:135,8,1,0
BRDA:141,9,0,0
BRDA:141,9,1,0
BRDA:144,10,0,0
BRDA:144,10,1,0
BRDA:151,11,0,0
BRDA:156,12,0,0
BRDA:173,13,0,0
BRDA:173,13,1,0
BRDA:186,14,0,1
BRDA:190,15,0,1
BRDA:194,16,0,1
BRDA:201,17,0,6
BRDA:207,18,0,0
BRDA:220,19,0,0
BRDA:220,19,1,0
BRF:29
BRH:7
end_of_record
TN:
SF:lib\logger.ts
FN:14,(anonymous_1)
FN:18,(anonymous_2)
FN:45,(anonymous_3)
FN:49,(anonymous_4)
FN:53,(anonymous_5)
FNF:5
FNH:5
FNDA:4,(anonymous_1)
FNDA:35,(anonymous_2)
FNDA:18,(anonymous_3)
FNDA:13,(anonymous_4)
FNDA:4,(anonymous_5)
DA:11,8
DA:15,4
DA:19,35
DA:28,35
DA:29,0
DA:35,0
DA:46,18
DA:50,13
DA:54,4
LF:9
LH:7
BRDA:28,0,0,0
BRDA:37,1,0,0
BRDA:37,1,1,0
BRF:3
BRH:0
end_of_record
TN:
SF:lib\pdf-extractor.ts
FN:10,(anonymous_1)
FN:20,(anonymous_2)
FN:21,(anonymous_3)
FNF:3
FNH:0
FNDA:0,(anonymous_1)
FNDA:0,(anonymous_2)
FNDA:0,(anonymous_3)
DA:1,1
DA:5,1
DA:7,1
DA:10,1
DA:11,0
DA:12,0
DA:13,0
DA:14,0
DA:16,0
DA:17,0
DA:18,0
DA:19,0
DA:20,0
DA:21,0
DA:25,0
DA:27,0
DA:28,0
LF:17
LH:4
BRDA:5,0,0,1
BRF:1
BRH:1
end_of_record
TN:
SF:lib\resume-service.ts
FN:35,extractResumeText
FN:53,optimizeResumeText
FN:112,generateLatexFromTemplate
FN:140,processResume
FN:181,getProviderEndpoint
FN:196,getModelParameters
FN:226,processProviderResponse
FN:244,extractContentFromResponse
FNF:8
FNH:8
FNDA:6,extractResumeText
FNDA:6,optimizeResumeText
FNDA:5,generateLatexFromTemplate
FNDA:3,processResume
FNDA:4,getProviderEndpoint
FNDA:4,getModelParameters
FNDA:3,processProviderResponse
FNDA:3,extractContentFromResponse
DA:1,1
DA:2,1
DA:33,1
DA:35,3
DA:36,6
DA:37,6
DA:39,6
DA:44,5
DA:45,5
DA:47,1
DA:48,1
DA:49,1
DA:53,3
DA:59,6
DA:61,6
DA:62,5
DA:63,1
DA:64,1
DA:67,4
DA:69,4
DA:70,4
DA:72,4
DA:93,4
DA:94,1
DA:95,0
DA:96,0
DA:99,3
DA:100,3
DA:102,3
DA:103,3
DA:106,3
DA:107,3
DA:108,3
DA:112,4
DA:116,5
DA:117,5
DA:119,5
DA:120,2
DA:121,2
DA:125,3
DA:131,3
DA:132,3
DA:134,0
DA:135,0
DA:136,0
DA:140,3
DA:147,3
DA:148,3
DA:151,3
DA:154,3
DA:162,2
DA:166,2
DA:168,2
DA:175,1
DA:176,1
DA:177,1
DA:182,4
DA:184,0
DA:186,4
DA:188,0
DA:190,0
DA:192,0
DA:197,4
DA:199,0
DA:205,4
DA:211,0
DA:216,0
DA:222,0
DA:230,3
DA:231,3
DA:233,3
DA:239,0
DA:240,0
DA:245,3
DA:249,3
DA:251,0
DA:253,0
LF:77
LH:60
BRDA:47,0,0,1
BRDA:47,0,1,0
BRDA:62,1,0,1
BRDA:93,2,0,1
BRDA:106,3,0,3
BRDA:106,3,1,0
BRDA:119,4,0,2
BRDA:134,5,0,0
BRDA:134,5,1,0
BRDA:162,6,0,1
BRDA:162,6,1,1
BRDA:175,7,0,1
BRDA:175,7,1,0
BRDA:182,8,0,0
BRDA:182,8,1,4
BRDA:182,8,2,0
BRDA:182,8,3,0
BRDA:182,8,4,0
BRDA:197,9,0,0
BRDA:197,9,1,4
BRDA:197,9,2,0
BRDA:197,9,3,0
BRDA:197,9,4,0
BRDA:245,10,0,0
BRDA:245,10,1,3
BRDA:245,10,2,3
BRDA:245,10,3,0
BRDA:245,10,4,0
BRF:28
BRH:12
end_of_record
TN:
SF:lib\template-config.ts
FN:8,(anonymous_5)
FN:22,(anonymous_6)
FN:171,(anonymous_7)
FN:184,(anonymous_8)
FN:196,(anonymous_9)
FNF:5
FNH:2
FNDA:0,(anonymous_5)
FNDA:30,(anonymous_6)
FNDA:3,(anonymous_7)
FNDA:0,(anonymous_8)
FNDA:0,(anonymous_9)
DA:3,3
DA:8,3
DA:9,0
DA:22,30
DA:23,30
DA:171,3
DA:175,3
DA:176,1
DA:178,2
DA:184,3
DA:185,0
DA:187,0
DA:188,0
DA:191,0
DA:192,0
DA:195,0
DA:196,0
DA:197,0
DA:198,0
DA:202,0
LF:20
LH:9
BRDA:175,0,0,1
BRDA:187,1,0,0
BRDA:191,2,0,0
BRDA:197,3,0,0
BRF:4
BRH:1
end_of_record
TN:
SF:lib\template-validation.ts
FN:10,validateTemplateRequirements
FNF:1
FNH:1
FNDA:3,validateTemplateRequirements
DA:1,1
DA:2,1
DA:5,1
DA:10,3
DA:11,3
DA:14,3
DA:15,2
DA:16,2
DA:17,2
DA:18,2
DA:19,1
DA:23,0
DA:28,3
DA:29,2
DA:30,2
DA:31,2
DA:33,1
DA:38,3
LF:18
LH:17
BRDA:14,0,0,2
BRDA:18,1,0,1
BRDA:28,2,0,2
BRF:3
BRH:3
end_of_record
TN:
SF:lib\utils.ts
FN:4,cn
FNF:1
FNH:1
FNDA:264,cn
DA:1,2
DA:2,2
DA:4,264
DA:5,264
LF:4
LH:4
BRF:0
BRH:0
end_of_record
